20240325	12:23:26	80be5093-3002-4542-812f-8422a3280825	GET	/	undefined
20240325	12:23:26	6758c0c8-6bca-4642-bdfb-6640397fab1b	GET	/css/styles.css	undefined
20240420	14:34:48	044c59d0-9e20-4e45-b93a-125c67318741	GET	/Employee	undefined
20240420	14:36:04	dc296dd6-d152-4029-b2fc-d32aaf56188d	GET	/employes	undefined
20240420	14:36:09	d2d3868a-612f-41b8-a295-fe48193bd4af	GET	/employes	undefined
20240420	14:36:22	56871ab5-8c24-4e94-ac07-b3d37990b77a	GET	/employes	undefined
20240420	14:40:25	4db9be3e-2e84-452e-9712-0165e6ce33c3	GET	/employes	undefined
20240420	14:41:00	b6a2153c-270f-4009-a10a-394b3c4f930a	GET	/employes	undefined
20240420	14:41:01	eccbab07-fc4a-4211-9140-0f4782d80ae8	GET	/employes	undefined
20240420	14:41:24	2bc60b6b-806c-4139-b30d-eacc78e6d08b	GET	/employes	undefined
20240420	14:42:39	d1b40714-a122-4baa-9414-d75d39fb64ab	GET	/employes	undefined
20240420	14:46:25	eda3eda8-cd59-4d85-8455-ccdd5a577218	GET	/employes	undefined
20240420	14:46:45	8b38d0b9-85f1-4b55-a081-2eaf0e29ffed	GET	/employes	undefined
20240420	14:47:34	2f104acf-d1ce-4537-a74e-863585391ae5	GET	/employes	undefined
20240420	14:48:08	cafe8a75-2312-4fe9-a550-9b5ad841f96f	GET	/Employee	undefined
20240420	14:54:27	363eb232-d3aa-4e6e-aff8-f67081f28391	POST	/Employee	undefined
20240420	14:54:41	56e4ef82-e9c1-4e03-a452-9b3c911770e2	POST	/Employee	undefined
20240420	14:54:59	ebe34fef-9d0d-43bf-84b1-d690f6ce8470	POST	/Employee	undefined
20240420	14:55:59	f0d596f2-5525-4531-86c0-50c2d68c8e9b	POST	/Employee	undefined
20240420	14:57:19	5716e30d-bd7b-45a1-b039-946143c537b1	POST	/Employee	undefined
20240420	14:57:27	2584cd3c-6abf-40b3-b2eb-fcb0f2bd1cd0	POST	/Employee	undefined
20240420	14:58:41	b21630aa-0001-45cd-80c8-f2beff52b82d	POST	/Employee	undefined
20240420	14:58:56	05d4d301-25e1-40b1-8ad9-60c581f81d89	POST	/Employee	undefined
20240420	14:59:47	5f129fe9-5e89-49db-9003-231b02aee271	POST	/Employee	undefined
20240420	15:00:39	2d8c3e38-f5ae-4211-b741-9f87a553f4f0	POST	/Employee	undefined
20240420	15:00:50	3999e844-a328-4892-82be-f7f6b661c029	POST	/Employee	undefined
20240420	15:01:25	7edf4ca9-c29c-4c6a-ae81-9c20f77e4119	POST	/Employee	undefined
20240420	15:03:04	3f898a84-9dab-42b1-b755-46a390d69595	POST	/Employee	undefined
20240420	15:03:31	facdbcae-a7d1-483d-a2f3-10644808d900	POST	/Employee	undefined
20240420	15:03:55	d1bf36c7-d29f-470b-bdf8-bd86fb31da79	GET	/Employee	undefined
20240420	15:05:07	d00bcfd6-ae77-455c-ab37-6d5f641021c5	POST	/Employee	undefined
20240420	15:05:31	ede4ce75-886c-45a7-9c71-3404276c06f5	POST	/Employee	undefined
20240420	15:08:12	83058abd-3173-4804-b697-e992b15c2ed9	GET	/Employee	undefined
20240420	15:08:44	6768e350-91c2-45ec-bcfb-21b714271b14	GET	/Employee	undefined
20240420	15:08:49	71dfbb03-900a-4db1-aadd-4fa16b541f2f	PATCH	/Employee	undefined
20240420	15:09:06	642ed7ad-d825-4a7b-bb24-b314b0ed74a3	GET	/Employee	undefined
20240420	15:09:27	a96c4961-3562-43e7-804d-d65a48ae30a2	GET	/Employee	undefined
20240420	15:09:31	8416559b-fa09-48da-8a97-c9e866270ace	PATCH	/Employee	undefined
20240420	15:10:19	87ed30de-4760-40a5-aa36-0536895dbd1d	PATCH	/Employee	undefined
20240420	15:10:47	d64698fc-bec7-4f0c-8404-96f8c0dc50f2	PATCH	/Employee	undefined
20240420	15:11:05	3289f7d0-c968-4f9f-ba40-779b4b7930c0	GET	/Employee	undefined
20240420	15:11:23	32107246-db8b-47ce-ad9a-4a235fe5acc0	PATCH	/Employee	undefined
20240420	15:12:35	7e21682e-150c-47f8-a455-16098cba201b	PATCH	/Employee	undefined
20240420	15:13:24	e18c350c-a23f-445a-b291-5693687b2e67	PATCH	/Employee	undefined
20240420	15:15:13	4e15013a-d6ab-4d8f-88ff-fdb2d31e99d2	PATCH	/Employee	undefined
20240420	15:15:30	75f44846-cc8f-450b-a4d5-e4f435ed2d28	GET	/Employee	undefined
20240420	15:16:09	7d081175-8b73-4d8a-97fd-089cb6ba66b0	POST	/Employee	undefined
20240420	15:16:15	ac6482bf-c6cd-40c1-af19-0706a18cf82e	GET	/Employee	undefined
20240421	11:28:59	7c46e6f6-4537-4635-90a7-ce543e2ae852	GET	/employes	http://localhost:3000
20240421	11:29:22	904a9283-2211-45cc-a146-38469d9bf316	GET	/employes	http://localhost:3000
20240421	11:30:03	2ed0ef9d-9662-403a-a116-de3bf5a205b3	GET	/employes	http://localhost:3000
20240421	11:30:51	dffa7de4-c8a8-4b7b-ae6a-9f15ec000253	GET	/employes	http://localhost:3000
20240421	11:30:53	5ba570de-8b97-408e-adf6-71ab9c8a846c	GET	/employes	http://localhost:3000
20240421	11:30:56	629e6282-e5a1-457c-a7e9-4d6cd194b365	GET	/employes	http://localhost:3000
20240421	11:30:58	d1d9ea24-8f84-46e1-a3f4-dd5b8f643d3a	GET	/employes	http://localhost:3000
20240421	11:30:59	61d29bcf-dc02-4e78-8b63-99e0e8d30171	GET	/employes	http://localhost:3000
20240421	11:30:59	922a6aa6-c7c6-43da-a861-0058e834119f	GET	/employes	http://localhost:3000
20240421	11:31:18	9458ad56-ebbc-4cc7-900a-6e6579051673	GET	/employes	http://localhost:3000
20240421	11:31:25	b2e19813-5857-4a3e-89ab-32d478cb3319	GET	/employes	http://localhost:3000
20240421	11:31:28	6542508f-661f-4621-81c2-7234cafdd7e4	GET	/employes	http://localhost:3000
20240421	11:31:29	b26344d9-47d3-4545-a779-c4af35252ce3	GET	/employes	http://localhost:3000
20240421	11:31:30	a6937e22-f280-4694-aa2d-627492981e74	GET	/employes	http://localhost:3000
20240421	11:32:30	084f9c41-d070-4539-ac7c-d84de672c27e	GET	/employes	http://localhost:3000
20240421	11:33:42	4d74e147-6d7d-4821-9f2d-0859260a382b	GET	/Employee	undefined
20240421	11:34:42	5c235eaa-4463-4571-a3e8-15795d167857	GET	/employes	undefined
20240421	11:36:30	b8e8b2f9-3eb6-42c5-b5bb-1fa9fe3c5aba	GET	/employes	http://localhost:3000
20240421	11:39:17	cd41e772-c22b-44e8-840e-befa5935a1aa	GET	/employes	http://localhost:3000
20240421	11:40:20	7a9541f0-a10c-4536-b0ed-6869cc53323d	GET	/employes	http://localhost:3000
20240421	11:40:31	4a5f1841-6206-42d5-aede-a49676f4e296	GET	/employes	undefined
20240421	12:03:02	a233365d-1a4a-4c5a-a2c7-ce7fc39f6f41	GET	/employes	http://localhost:3000
20240421	12:03:47	f4638f28-344d-412e-81e1-3659ee72d59b	GET	/employes	http://localhost:3000
20240421	12:05:14	b9dd354b-b24d-4109-8cf2-49b49d67598c	GET	/employes	http://localhost:3000
20240421	12:12:20	d48f92f6-222e-47a4-86bc-213615f9f561	GET	/employes	http://localhost:3000
20240421	12:16:02	534f0ecc-c23f-4b7f-ad6a-d8ca156d0a55	GET	/employes	http://localhost:3000
20240421	12:16:11	e300687b-c2ae-4f4a-b51a-08991998c78b	GET	/employes	http://localhost:3000
20240421	12:18:11	fe8d3115-4c14-4b35-8d66-2b30c7527e2a	GET	/employes	http://localhost:3000
20240421	12:25:19	6c30965c-2324-4cb9-8a6d-3fed2bb2c243	GET	/employes	http://localhost:3000
20240421	12:30:54	b99112e3-9f91-4a34-ac2e-3b583ffc0c88	GET	/employes	http://localhost:3000
20240424	11:58:21	4f4cb496-29e5-4409-b00c-166ba0092358	GET	/doctors	undefined
20240424	11:59:27	2831696a-6f56-427d-ac78-973821e5cad8	GET	/doctors	undefined
20240424	11:59:37	e8f8e183-aa95-4978-a9ad-696eb6856749	GET	/doctors	undefined
20240424	11:59:55	63dafbea-82e7-40f6-aa28-6619fe52e4b5	GET	/doctors	undefined
20240424	12:02:38	a29f6b72-7e93-4bb0-89e6-5eac497bef90	GET	/doctors	undefined
20240424	12:06:33	6a7ff88d-33a9-41d1-882e-88663ed5d91b	GET	/doctors	undefined
20240424	12:07:58	cfe20760-0028-4ed1-8939-7bc3a1b0c751	GET	/employes	undefined
20240424	12:09:09	886ac476-8699-4e33-a3a9-b3118a902148	GET	/doctors	undefined
20240424	12:10:33	e5b90f24-f91f-45b1-beb6-7872501239c9	GET	/doctors	undefined
20240424	12:11:24	68b54a86-b085-45c1-ab16-dbe2207f1717	GET	/doctors	undefined
20240424	12:11:38	36b37070-ad65-4471-b4fb-71770cfb347d	GET	/doctors	undefined
20240424	12:13:27	49bed29b-e90d-4516-bc58-4cf35899f381	GET	/doctors	undefined
20240424	12:14:07	0b1c2557-d5a5-43e2-a4ee-bc70b243fe71	GET	/doctors	undefined
20240424	12:17:38	a35dd69d-8fd1-4ae9-b2b2-cb6d88f02ef1	GET	/doctors	undefined
20240424	12:18:23	90d70d74-37b0-42de-8ec0-00f4b39af474	GET	/doctors	undefined
20240424	12:18:32	7b0522c5-8d04-4caf-80d7-d36d5a932fb6	GET	/doctors	undefined
20240424	12:19:42	9ab137a0-7d0f-478e-98fc-911b3450a21e	GET	/doctors	undefined
20240424	12:25:57	9b25d5d2-4a25-4037-ab72-89ce4b28839a	GET	/doctors	undefined
20240424	12:26:07	2901e98f-f8f8-43ac-a950-003b2b731e8e	GET	/doctors	undefined
20240424	12:26:19	67e7b589-18fb-43aa-9a3c-b2508a035a02	GET	/doctors	undefined
20240424	12:26:30	5001f1f5-1273-4780-8d5b-b09d77fbe4a1	GET	/doctors	undefined
20240424	12:27:19	097c902c-1cfb-461f-811a-c6787b841ffe	GET	/doctors	undefined
20240424	12:30:11	7b196681-a5a9-4c6c-ba8f-527fd947b945	GET	/couchs	undefined
20240424	12:30:21	0d2b86e0-208e-41bd-9fa1-436d1dd70261	GET	/couchs	undefined
20240424	12:30:41	3c3deafe-3ae3-4fe4-bffe-4454daf3bf14	GET	/couchs	undefined
20240424	12:32:24	dacac9ee-e6a7-42ce-95b9-352d04438096	GET	/couchs	undefined
20240424	12:32:29	f3327479-0cef-4eac-8c00-15e8083b16f8	GET	/doctors	undefined
20240424	12:33:15	9b443fe6-5a1b-4746-a5a1-71eb8e6da442	GET	/doctors	undefined
20240424	12:33:26	50370d6b-a9b9-4871-905c-fdbc1bb7dfc6	GET	/couchs	undefined
20240424	12:49:54	678f5e88-4cdb-453a-8793-89ef19215c9d	GET	/employes	http://localhost:3000
20240424	12:51:23	7177f4e1-fb5b-4649-a7cf-a3eb36f1a2be	GET	/employes	http://localhost:3000
20240424	12:52:30	ff831379-90ac-4fff-b7f4-57f7a20c4ebd	GET	/employes	http://localhost:3000
20240424	12:53:41	1e81c548-d1d9-4d0e-9e16-864ba29cdf71	GET	/employes	http://localhost:3000
20240424	12:57:02	9447d491-ab94-4997-9a38-9e289b9b4a27	GET	/employes	http://localhost:3000
20240424	12:57:13	6f9cccef-8546-42f7-a12c-34db8f111e94	GET	/employes	http://localhost:3000
20240424	13:15:18	ef4319f0-3cbf-49a8-a64a-e4964228952f	GET	/employes	http://localhost:3000
20240424	13:17:20	e220a2f6-e25f-4ef5-9a23-91a1eee48fe0	GET	/employes	http://localhost:3000
20240424	13:17:37	fb6eef4d-dc76-4eb2-9249-93620ed2505f	GET	/couchs	undefined
20240424	13:17:46	bcd72b78-2320-4999-9cbd-a66418974228	GET	/doctors	undefined
20240424	13:18:54	31f2ab1e-5247-4a4d-8c37-bc794334e541	GET	/employes	http://localhost:3000
20240424	13:20:14	09603f1e-5b5b-4619-aca7-ce3e43640451	GET	/couchs	http://localhost:3000
20240424	13:20:18	47bcc2b8-d8c7-40a1-a308-891144fef5e5	GET	/couchs	http://localhost:3000
20240424	13:21:19	a6ec76f1-35bd-4a4d-80d7-ddce48e2416f	GET	/doctors	http://localhost:3000
20240424	13:22:55	5a084ef5-f4c6-4d3d-b392-044ca71c5fd8	GET	/doctors	http://localhost:3000
20240424	13:22:58	61db5dbb-b1f6-413d-8d5c-b915da6c2d62	GET	/employes	http://localhost:3000
20240424	13:26:06	bd627b18-3f0a-498d-a825-413e0bc7b9fb	GET	/docotrs	http://localhost:3000
20240424	13:26:10	0800a2df-5b57-4974-a437-62b6d3f4bdd7	GET	/docotrs	http://localhost:3000
20240424	13:26:12	41d6a815-7ba7-4a40-923d-9b57bc15b839	GET	/docotrs	http://localhost:3000
20240424	13:26:23	be72e8e2-9257-452e-8a12-d71686f07862	GET	/docotrs	http://localhost:3000
20240424	13:26:32	0d215279-705b-44fa-9b44-67b2a2a3248f	GET	/docotrs	http://localhost:3000
20240424	13:28:16	e54f7f3c-d5b6-420f-9f07-643b7d8f82ba	GET	/docotrs	http://localhost:3000
20240424	13:28:19	c9048b59-6dba-41bb-b48b-01d36de2ef20	GET	/docotrs	http://localhost:3000
20240424	13:28:22	9bbf6364-694b-4fa5-b5ce-841d05dcc515	GET	/docotrs	http://localhost:3000
20240424	13:29:37	493f99ea-1dfd-49dc-8ada-9785a40e9706	GET	/employes	http://localhost:3000
20240424	13:29:49	1df0502b-5f28-4531-adbf-82ac873fdc59	GET	/doctors	http://localhost:3000
20240424	13:32:42	bbadf125-3445-46f8-bcdb-f904b802f146	GET	/doctors	http://localhost:3000
20240424	13:38:18	35a22c65-a0e9-4b8e-85fd-23f60623c8fd	GET	/employes	http://localhost:3000
20240424	13:38:23	75a901f2-e82c-45a8-8ae7-e696b175e6fc	GET	/doctors	http://localhost:3000
20240424	13:40:16	d2ae5646-ec22-4cb0-b213-73cbe2d30127	GET	/doctors	http://localhost:3000
20240424	13:42:42	1136672d-b641-4c04-8f9b-0151de03d7e1	GET	/doctors	http://localhost:3000
20240424	13:43:30	5ad093dc-a3f8-4d0a-8c3a-99aa4da74055	GET	/doctors	http://localhost:3000
20240424	13:44:16	3bbff7f2-c7f7-47bc-9e42-5060360da5b5	GET	/doctors	http://localhost:3000
20240424	13:44:37	cc342e8a-4d8c-4bc5-989f-3a2ee3930231	GET	/doctors	http://localhost:3000
20240424	13:44:39	cb8a4c2a-d2ac-405c-b78f-4b27604f2cd2	GET	/employes	http://localhost:3000
20240424	13:44:59	7862d559-06c5-4768-bed0-59ed14a18d1c	GET	/doctors	http://localhost:3000
20240426	14:34:49	d5d7805c-6b4e-4a84-ad32-c5a4455173aa	GET	/employes	http://localhost:3000
20240509	21:00:32	e43223cc-c0e9-401a-a2d0-68ad25f186b0	GET	/clients	undefined
20240509	21:09:50	97ff5f9a-98f4-4a22-9051-da3739e4a03d	POST	/clients	undefined
20240509	21:10:11	c50c6c68-eef0-4599-b01e-b0818bdd2b75	GET	/clients	undefined
20240509	21:17:20	f17c2274-bd0c-47ed-97d3-b27d017d447c	POST	/clients	undefined
20240509	21:17:45	ee9956d0-e635-4df8-b0c6-0528f22089e3	POST	/clients	undefined
20240509	21:18:24	bc7339c5-ae43-4354-9ee4-74b209f5d019	POST	/clients	undefined
20240509	21:18:38	5e37de76-b63b-45d3-8410-4d78ad6528a4	GET	/clients	undefined
20240509	21:20:19	183e6600-a828-4e43-ab03-e31a54db8c3f	PATCH	/clients	undefined
20240509	21:20:43	fad50251-3ba0-43c5-9951-672eed7e4450	PATCH	/clients	undefined
20240509	21:21:19	ee77618f-85b4-4b14-8db5-57830d1485b4	PATCH	/clients	undefined
20240509	21:21:47	da6a633b-f26c-4e78-9443-79d9f3400fe2	PATCH	/clients	undefined
20240509	21:22:38	3c9a49b9-abfd-455b-8484-548da2276964	PATCH	/clients	undefined
20240509	21:23:15	90c3462b-3246-44a4-98e3-969cbd4b2115	PATCH	/clients	undefined
20240509	21:23:28	f47d4e8c-914a-45c3-a0f3-cd0892c756f5	GET	/clients	undefined
20240509	21:24:33	5b95a886-69c9-410a-bca5-b435c674799d	GET	/clients	undefined
20240509	21:24:37	98072aa3-c996-42cb-a95c-e4a4b71fbe65	PATCH	/clients	undefined
20240509	21:24:49	46c0b082-1baf-4805-ad54-e1d7a924e034	PATCH	/clients	undefined
20240509	21:25:02	c60d0085-9def-4427-a19d-52eb3a7382a8	PATCH	/clients	undefined
20240509	21:25:13	4b2fe593-aac1-4df2-b38f-5d4d3ad8c18f	GET	/clients	undefined
20240509	21:25:31	854b19e3-f9fb-4c86-9a34-3282837aaf23	PATCH	/clients	undefined
20240509	21:25:37	6b0dc5a5-ffc3-42e9-98b6-4da21d53c8d5	GET	/clients	undefined
20240509	21:26:08	5d689e3c-cebb-4cc4-bf25-b817fa979854	GET	/clients	undefined
20240509	21:26:38	42d2775e-d651-4080-8187-bcc85a383b26	GET	/clients	undefined
20240509	21:26:43	124ea388-e7d6-41dc-8c06-14f7a0017d4b	PATCH	/clients	undefined
20240509	21:27:00	6e60c9a0-1a2f-404b-b03b-7125e7314777	PATCH	/clients	undefined
20240509	21:27:07	5dfbebe9-85dc-44f7-b2df-f0988f4a3d5d	GET	/clients	undefined
20240509	21:27:29	ff8b397c-71d9-4403-82cc-d0bdaa074881	GET	/clients	undefined
20240509	21:27:38	b7bcd330-8a6b-4cc2-afa8-90604f8c6bb0	PATCH	/clients	undefined
20240509	21:27:44	44c0ec66-eabe-424e-b663-f717b2361983	GET	/clients	undefined
20240509	21:27:55	a2046589-c24c-412e-937f-b3cdbd1cf19b	GET	/clients	undefined
20240509	21:28:00	a08fdc0b-2ba0-46bf-a186-7bc37d28074c	PATCH	/clients	undefined
20240509	21:28:08	5a687af9-ef8a-4b33-8ec9-c991e2f74568	GET	/clients	undefined
20240509	21:28:17	26449b89-1d83-49ad-aff6-1862de711db6	PATCH	/clients	undefined
20240509	21:30:10	08e2dfba-c24c-4299-9aa2-770634b676fe	GET	/clients	undefined
20240509	21:30:22	fa7577cf-6cd0-4922-82fa-e6670bb6b231	DELETE	/clients	undefined
20240509	21:30:29	cff5f751-fcca-4341-8029-e18def1bff80	DELETE	/clients	undefined
20240509	21:30:43	994d5ba6-6842-4ad8-b1cf-ca6356dec22d	GET	/clients	undefined
20240525	10:14:20	5aaa2d24-3790-4c8a-9833-35c0424dfd09	GET	/users	http://localhost:3000
20240525	10:14:26	9259f4bd-048a-4497-8edf-c5fb074fbb5e	GET	/users	http://localhost:3000
20240525	10:57:38	6249c624-8a75-4f04-a723-2c2a4f997066	POST	/users	undefined
20240525	10:59:32	81dcdbf3-792b-4e0d-b992-38f9f4d0c728	GET	/users	undefined
20240525	10:59:35	4a9bfbb6-3537-443f-9a1b-9f45e37a3e0f	POST	/users	undefined
20240525	10:59:39	aa417ae6-2d9e-4bc3-8e0f-eae9be33323c	PUT	/users	undefined
20240525	10:59:41	5cff2ff5-88d5-4c07-a160-3281810ecf8b	DELETE	/users	undefined
20240525	11:00:10	bf9c17a8-d3e8-44f3-bc27-51e96ed13254	POST	/users?dave	undefined
20240525	11:01:02	d03d639a-9683-4f13-bcc7-50b8b026f75c	POST	/users?dave	undefined
20240525	11:02:30	2e9bdb64-49b3-4804-af38-6857cf56af46	POST	/users?dave	undefined
20240525	11:03:05	e16ef23b-5898-4e39-839c-16d1fcb2a3b8	POST	/users?dave=dave	undefined
20240525	11:03:25	55eda476-88dc-4b76-acb3-661ef822e66a	POST	/users?=	undefined
20240525	11:04:01	abbefd17-d51c-4767-a40e-c6c8c38dada4	GET	/users	http://localhost:3000
20240525	11:10:20	8fd95e7c-a2e2-4b85-9b7b-83394b8b1261	GET	/users	http://localhost:3000
20240525	11:13:37	ccefea23-43e3-442d-a615-b09ba98ec633	GET	/users	undefined
20240525	11:13:37	c34e161a-c2f1-4df3-807b-114769e8ae47	GET	/css/styles.css	undefined
20240525	11:13:37	e39eb089-53e1-48c9-9c55-41104a1e6976	GET	/favicon.ico	undefined
20240525	11:13:42	909621dc-e31d-4fa3-90cf-18aeb8771e2d	GET	/user	undefined
20240525	11:13:42	f9ee8131-9133-4b90-9830-daadea7d5ead	GET	/css/styles.css	undefined
20240525	11:19:08	e17eb111-1d27-48d9-9595-494732c3eaaa	GET	/User	undefined
20240525	11:19:08	bfec276f-6d3d-4d8a-add9-d2757c13800d	GET	/css/styles.css	undefined
20240525	11:19:13	f9590046-2d27-403c-a536-7d0307a425a1	GET	/user	undefined
20240525	11:19:13	8f72d192-2a10-4d26-a6ac-6e67ec952b73	GET	/css/styles.css	undefined
20240525	11:19:16	6d4cfcc6-dfc8-4293-bcbf-94153dfae49b	GET	/users	undefined
20240525	11:19:16	3fe63249-ebdd-499f-a613-0cad43c6dc88	GET	/css/styles.css	undefined
20240525	11:24:51	8a6850e0-3841-43ef-aad8-04a76fc02de4	GET	/clients	undefined
20240525	11:25:04	99fc118d-cdcc-4b36-8fb0-a0fa4502f14a	GET	/clients	undefined
20240525	11:25:28	befb4bab-e8b3-426e-b24d-7742cc020568	GET	/clients	undefined
20240525	11:28:21	c189a55f-e9d1-4b43-a59b-fdd20aae8436	GET	/clients	undefined
20240525	11:28:26	ea0c4403-5531-4423-9575-d7ff40185149	GET	/users	undefined
20240525	11:28:26	08af6d65-19df-4aaa-acfa-27731c7e123e	GET	/css/styles.css	undefined
20240525	11:28:29	5dd37ffa-8b65-4b91-ab2f-be86e961c39b	GET	/clients	undefined
20240525	11:29:49	33a7ca87-3a67-424b-a814-5373a9b64167	GET	/users	http://localhost:3000
20240525	11:31:11	9cf5cb22-9fb4-4b84-9ba7-6231404cd6bd	GET	/users	http://localhost:3000
